0 info it worked if it ends with ok
1 verbose cli [ '/usr/local/bin/node',
1 verbose cli   '/usr/local/bin/npm',
1 verbose cli   'run',
1 verbose cli   'docs:watch' ]
2 info using npm@3.9.5
3 info using node@v5.6.0
4 verbose run-script [ 'predocs:watch', 'docs:watch', 'postdocs:watch' ]
5 info lifecycle react-components@1.0.0~predocs:watch: react-components@1.0.0
6 silly lifecycle react-components@1.0.0~predocs:watch: no script for predocs:watch, continuing
7 info lifecycle react-components@1.0.0~docs:watch: react-components@1.0.0
8 verbose lifecycle react-components@1.0.0~docs:watch: unsafe-perm in lifecycle true
9 verbose lifecycle react-components@1.0.0~docs:watch: PATH: /usr/local/lib/node_modules/npm/bin/node-gyp-bin:/Users/adamjang/Documents/www/react-components/node_modules/.bin:/usr/local/bin:/usr/local/heroku/bin:/Applications/MAMP/bin/php/php5.4.4/bin:/usr/local/bin:/usr/bin:/bin:/usr/sbin:/sbin:/opt/X11/bin
10 verbose lifecycle react-components@1.0.0~docs:watch: CWD: /Users/adamjang/Documents/www/react-components
11 silly lifecycle react-components@1.0.0~docs:watch: Args: [ '-c',
11 silly lifecycle   'webpack-dev-server --inline --config ./webpack.config.docs.babel.js --hot --content-base docs/' ]
12 silly lifecycle react-components@1.0.0~docs:watch: Returned: code: 1  signal: null
13 info lifecycle react-components@1.0.0~docs:watch: Failed to exec docs:watch script
14 verbose stack Error: react-components@1.0.0 docs:watch: `webpack-dev-server --inline --config ./webpack.config.docs.babel.js --hot --content-base docs/`
14 verbose stack Exit status 1
14 verbose stack     at EventEmitter.<anonymous> (/usr/local/lib/node_modules/npm/lib/utils/lifecycle.js:245:16)
14 verbose stack     at emitTwo (events.js:100:13)
14 verbose stack     at EventEmitter.emit (events.js:185:7)
14 verbose stack     at ChildProcess.<anonymous> (/usr/local/lib/node_modules/npm/lib/utils/spawn.js:24:14)
14 verbose stack     at emitTwo (events.js:100:13)
14 verbose stack     at ChildProcess.emit (events.js:185:7)
14 verbose stack     at maybeClose (internal/child_process.js:827:16)
14 verbose stack     at Process.ChildProcess._handle.onexit (internal/child_process.js:211:5)
15 verbose pkgid react-components@1.0.0
16 verbose cwd /Users/adamjang/Documents/www/react-components
17 error Darwin 15.3.0
18 error argv "/usr/local/bin/node" "/usr/local/bin/npm" "run" "docs:watch"
19 error node v5.6.0
20 error npm  v3.9.5
21 error code ELIFECYCLE
22 error react-components@1.0.0 docs:watch: `webpack-dev-server --inline --config ./webpack.config.docs.babel.js --hot --content-base docs/`
22 error Exit status 1
23 error Failed at the react-components@1.0.0 docs:watch script 'webpack-dev-server --inline --config ./webpack.config.docs.babel.js --hot --content-base docs/'.
23 error Make sure you have the latest version of node.js and npm installed.
23 error If you do, this is most likely a problem with the react-components package,
23 error not with npm itself.
23 error Tell the author that this fails on your system:
23 error     webpack-dev-server --inline --config ./webpack.config.docs.babel.js --hot --content-base docs/
23 error You can get information on how to open an issue for this project with:
23 error     npm bugs react-components
23 error Or if that isn't available, you can get their info via:
23 error     npm owner ls react-components
23 error There is likely additional logging output above.
24 verbose exit [ 1, true ]
